<?xml version="1.0" encoding="UTF-8"?>
<testng-results ignored="0" total="1" passed="1" failed="0" skipped="0">
  <reporter-output>
  </reporter-output>
  <suite started-at="2022-07-29T13:12:18 IST" name="Default suite" finished-at="2022-07-29T13:12:32 IST" duration-ms="14045">
    <groups>
    </groups>
    <test started-at="2022-07-29T13:12:18 IST" name="Default test" finished-at="2022-07-29T13:12:32 IST" duration-ms="14045">
      <class name="mobile_RealDevice.Appium_RealDevice_InstallAppTest">
        <test-method is-config="true" signature="setup()[pri:0, instance:mobile_RealDevice.Appium_RealDevice_InstallAppTest@6b8ca3c8]" started-at="2022-07-29T13:12:18 IST" name="setup" finished-at="2022-07-29T13:12:32 IST" duration-ms="13918" status="PASS">
          <reporter-output>
          </reporter-output>
        </test-method> <!-- setup -->
        <test-method signature="addTest()[pri:0, instance:mobile_RealDevice.Appium_RealDevice_InstallAppTest@6b8ca3c8]" started-at="2022-07-29T13:12:32 IST" name="addTest" finished-at="2022-07-29T13:12:32 IST" duration-ms="10" status="PASS">
          <reporter-output>
          </reporter-output>
        </test-method> <!-- addTest -->
      </class> <!-- mobile_RealDevice.Appium_RealDevice_InstallAppTest -->
    </test> <!-- Default test -->
  </suite> <!-- Default suite -->
</testng-results>
